14:58:24: Creating resource group General
14:58:24: Creating resource group Internal
14:58:24: Creating resource group Autodetect
14:58:24: SceneManagerFactory for type 'DefaultSceneManager' registered.
14:58:24: Registering ResourceManager for type Material
14:58:24: Registering ResourceManager for type Mesh
14:58:24: Registering ResourceManager for type Skeleton
14:58:24: MovableObjectFactory for type 'ParticleSystem' registered.
14:58:24: ArchiveFactory for archive type FileSystem registered.
14:58:24: ArchiveFactory for archive type Zip registered.
14:58:24: ArchiveFactory for archive type EmbeddedZip registered.
14:58:24: DDS codec registering
14:58:24: FreeImage version: 3.15.4
14:58:24: This program uses FreeImage, a free, open source image library supporting all common bitmap formats. See http://freeimage.sourceforge.net for details
14:58:24: Supported formats: bmp,ico,jpg,jif,jpeg,jpe,jng,koa,iff,lbm,mng,pbm,pbm,pcd,pcx,pgm,pgm,png,ppm,ppm,ras,tga,targa,tif,tiff,wap,wbmp,wbm,psd,cut,xbm,xpm,gif,hdr,g3,sgi,exr,j2k,j2c,jp2,pfm,pct,pict,pic,3fr,arw,bay,bmq,cap,cine,cr2,crw,cs1,dc2,dcr,drf,dsc,dng,erf,fff,ia,iiq,k25,kc2,kdc,mdc,mef,mos,mrw,nef,nrw,orf,pef,ptx,pxn,qtk,raf,raw,rdc,rw2,rwl,rwz,sr2,srf,srw,sti
14:58:24: Registering ResourceManager for type HighLevelGpuProgram
14:58:24: Registering ResourceManager for type Compositor
14:58:24: MovableObjectFactory for type 'Entity' registered.
14:58:24: MovableObjectFactory for type 'Light' registered.
14:58:24: MovableObjectFactory for type 'BillboardSet' registered.
14:58:24: MovableObjectFactory for type 'ManualObject' registered.
14:58:24: MovableObjectFactory for type 'BillboardChain' registered.
14:58:24: MovableObjectFactory for type 'RibbonTrail' registered.
14:58:24: Loading library /usr/local/lib/OGRE/RenderSystem_GL
14:58:24: Installing plugin: GL RenderSystem
14:58:24: OpenGL Rendering Subsystem created.
14:58:24: Plugin successfully installed
14:58:24: Loading library /usr/local/lib/OGRE/Plugin_ParticleFX
14:58:24: Installing plugin: ParticleFX
14:58:24: Particle Emitter Type 'Point' registered
14:58:24: Particle Emitter Type 'Box' registered
14:58:24: Particle Emitter Type 'Ellipsoid' registered
14:58:24: Particle Emitter Type 'Cylinder' registered
14:58:24: Particle Emitter Type 'Ring' registered
14:58:24: Particle Emitter Type 'HollowEllipsoid' registered
14:58:24: Particle Affector Type 'LinearForce' registered
14:58:24: Particle Affector Type 'ColourFader' registered
14:58:24: Particle Affector Type 'ColourFader2' registered
14:58:24: Particle Affector Type 'ColourImage' registered
14:58:24: Particle Affector Type 'ColourInterpolator' registered
14:58:24: Particle Affector Type 'Scaler' registered
14:58:24: Particle Affector Type 'Rotator' registered
14:58:24: Particle Affector Type 'DirectionRandomiser' registered
14:58:24: Particle Affector Type 'DeflectorPlane' registered
14:58:24: Plugin successfully installed
14:58:24: Loading library /usr/local/lib/OGRE/Plugin_BSPSceneManager
14:58:24: Installing plugin: BSP Scene Manager
14:58:24: Plugin successfully installed
14:58:24: Loading library /usr/local/lib/OGRE/Plugin_CgProgramManager
14:58:24: Installing plugin: Cg Program Manager
14:58:24: Plugin successfully installed
14:58:24: Loading library /usr/local/lib/OGRE/Plugin_PCZSceneManager
14:58:24: Installing plugin: Portal Connected Zone Scene Manager
14:58:24: PCZone Factory Type 'ZoneType_Default' registered
14:58:24: Plugin successfully installed
14:58:24: Loading library /usr/local/lib/OGRE/Plugin_OctreeZone
14:58:24: Installing plugin: Octree Zone Factory
14:58:24: Plugin successfully installed
14:58:24: Loading library /usr/local/lib/OGRE/Plugin_OctreeSceneManager
14:58:24: Installing plugin: Octree Scene Manager
14:58:24: Plugin successfully installed
14:58:24: *-*-* OGRE Initialising
14:58:24: *-*-* Version 1.9.0 (Ghadamon)
14:58:24: Creating resource group Essential
14:58:24: Added resource location '../media/packs/SdkTrays.zip' of type 'Zip' to resource group 'Essential'
14:58:24: Added resource location '../media' of type 'FileSystem' to resource group 'General'
14:58:24: Added resource location '../media/materials/scripts' of type 'FileSystem' to resource group 'General'
14:58:24: Added resource location '../media/materials/textures' of type 'FileSystem' to resource group 'General'
14:58:24: Added resource location '../media/models' of type 'FileSystem' to resource group 'General'
14:58:24: OGRE EXCEPTION(6:FileNotFoundException): 'ogre.cfg' file not found! in ConfigFile::load at /home/leviathan/eclipse_workspace/ogre1.9/OgreMain/src/OgreConfigFile.cpp (line 82)
14:58:28: CPU Identifier & Features
14:58:28: -------------------------
14:58:28:  *   CPU ID: GenuineIntel: Intel(R) Core(TM) i7-4810MQ CPU @ 2.80GHz
14:58:28:  *      SSE: yes
14:58:28:  *     SSE2: yes
14:58:28:  *     SSE3: yes
14:58:28:  *      MMX: yes
14:58:28:  *   MMXEXT: yes
14:58:28:  *    3DNOW: no
14:58:28:  * 3DNOWEXT: no
14:58:28:  *     CMOV: yes
14:58:28:  *      TSC: yes
14:58:28:  *      FPU: yes
14:58:28:  *      PRO: yes
14:58:28:  *       HT: no
14:58:28: -------------------------
14:58:28: ******************************
*** Starting GLX Subsystem ***
******************************
14:58:28: Registering ResourceManager for type Texture
14:58:28: GLRenderSystem::_createRenderWindow "TutorialApplication Render Window", 1920x1080 fullscreen  miscParams: FSAA=0 displayFrequency=60 Hz gamma=No vsync=No 
14:58:28: GLXWindow::create used FBConfigID = 143
14:58:28: GL_VERSION = 3.0 Mesa 10.1.3
14:58:28: GL_VENDOR = Intel Open Source Technology Center
14:58:28: GL_RENDERER = Mesa DRI Intel(R) Haswell Mobile 
14:58:28: GL_EXTENSIONS = GL_ARB_multisample GL_EXT_abgr GL_EXT_bgra GL_EXT_blend_color GL_EXT_blend_minmax GL_EXT_blend_subtract GL_EXT_copy_texture GL_EXT_polygon_offset GL_EXT_subtexture GL_EXT_texture_object GL_EXT_vertex_array GL_EXT_compiled_vertex_array GL_EXT_texture GL_EXT_texture3D GL_IBM_rasterpos_clip GL_ARB_point_parameters GL_EXT_draw_range_elements GL_EXT_packed_pixels GL_EXT_point_parameters GL_EXT_rescale_normal GL_EXT_separate_specular_color GL_EXT_texture_edge_clamp GL_SGIS_generate_mipmap GL_SGIS_texture_border_clamp GL_SGIS_texture_edge_clamp GL_SGIS_texture_lod GL_ARB_framebuffer_sRGB GL_ARB_multitexture GL_EXT_framebuffer_sRGB GL_IBM_multimode_draw_arrays GL_IBM_texture_mirrored_repeat GL_3DFX_texture_compression_FXT1 GL_ARB_texture_cube_map GL_ARB_texture_env_add GL_ARB_transpose_matrix GL_EXT_blend_func_separate GL_EXT_fog_coord GL_EXT_multi_draw_arrays GL_EXT_secondary_color GL_EXT_texture_env_add GL_EXT_texture_filter_anisotropic GL_EXT_texture_lod_bias GL_INGR_blend_func_separate GL_NV_blend_square GL_NV_light_max_exponent GL_NV_texgen_reflection GL_NV_texture_env_combine4 GL_S3_s3tc GL_SUN_multi_draw_arrays GL_ARB_texture_border_clamp GL_ARB_texture_compression GL_EXT_framebuffer_object GL_EXT_texture_env_combine GL_EXT_texture_env_dot3 GL_MESA_window_pos GL_NV_packed_depth_stencil GL_NV_texture_rectangle GL_ARB_depth_texture GL_ARB_occlusion_query GL_ARB_shadow GL_ARB_texture_env_combine GL_ARB_texture_env_crossbar GL_ARB_texture_env_dot3 GL_ARB_texture_mirrored_repeat GL_ARB_window_pos GL_ATI_envmap_bumpmap GL_EXT_stencil_two_side GL_EXT_texture_cube_map GL_NV_depth_clamp GL_APPLE_packed_pixels GL_APPLE_vertex_array_object GL_ARB_draw_buffers GL_ARB_fragment_program GL_ARB_fragment_shader GL_ARB_shader_objects GL_ARB_vertex_program GL_ARB_vertex_shader GL_ATI_draw_buffers GL_ATI_texture_env_combine3 GL_ATI_texture_float GL_EXT_shadow_funcs GL_EXT_stencil_wrap GL_MESA_pack_invert GL_NV_primitive_restart GL_ARB_depth_clamp GL_ARB_fragment_program_shadow GL_ARB_half_float_pixel GL_ARB_occlusion_query2 GL_ARB_point_sprite GL_ARB_shading_language_100 GL_ARB_sync GL_ARB_texture_non_power_of_two GL_ARB_vertex_buffer_object GL_ATI_blend_equation_separate GL_EXT_blend_equation_separate GL_OES_read_format GL_ARB_color_buffer_float GL_ARB_pixel_buffer_object GL_ARB_texture_compression_rgtc GL_ARB_texture_float GL_ARB_texture_rectangle GL_EXT_packed_float GL_EXT_pixel_buffer_object GL_EXT_texture_compression_dxt1 GL_EXT_texture_compression_rgtc GL_EXT_texture_rectangle GL_EXT_texture_sRGB GL_EXT_texture_shared_exponent GL_ARB_framebuffer_object GL_EXT_framebuffer_blit GL_EXT_framebuffer_multisample GL_EXT_packed_depth_stencil GL_APPLE_object_purgeable GL_ARB_vertex_array_object GL_ATI_separate_stencil GL_EXT_draw_buffers2 GL_EXT_draw_instanced GL_EXT_gpu_program_parameters GL_EXT_texture_array GL_EXT_texture_integer GL_EXT_texture_sRGB_decode GL_EXT_timer_query GL_OES_EGL_image GL_ARB_copy_buffer GL_ARB_depth_buffer_float GL_ARB_draw_instanced GL_ARB_half_float_vertex GL_ARB_instanced_arrays GL_ARB_map_buffer_range GL_ARB_texture_rg GL_ARB_texture_swizzle GL_ARB_vertex_array_bgra GL_EXT_separate_shader_objects GL_EXT_texture_swizzle GL_EXT_vertex_array_bgra GL_NV_conditional_render GL_AMD_conservative_depth GL_AMD_draw_buffers_blend GL_AMD_seamless_cubemap_per_texture GL_ARB_ES2_compatibility GL_ARB_blend_func_extended GL_ARB_debug_output GL_ARB_draw_buffers_blend GL_ARB_draw_elements_base_vertex GL_ARB_explicit_attrib_location GL_ARB_fragment_coord_conventions GL_ARB_provoking_vertex GL_ARB_sample_shading GL_ARB_sampler_objects GL_ARB_seamless_cube_map GL_ARB_shader_texture_lod GL_ARB_texture_cube_map_array GL_ARB_texture_gather GL_ARB_texture_multisample GL_ARB_texture_query_lod GL_ARB_texture_rgb10_a2ui GL_ARB_uniform_buffer_object GL_ARB_vertex_type_2_10_10_10_rev GL_EXT_provoking_vertex GL_EXT_texture_snorm GL_MESA_texture_signed_rgba GL_ARB_get_program_binary GL_ARB_robustness GL_ARB_shader_bit_encoding GL_ARB_timer_query GL_ANGLE_texture_compression_dxt3 GL_ANGLE_texture_compression_dxt5 GL_ARB_conservative_depth GL_ARB_internalformat_query GL_ARB_map_buffer_alignment GL_ARB_shader_atomic_counters GL_ARB_shading_language_420pack GL_ARB_shading_language_packing GL_ARB_texture_storage GL_EXT_framebuffer_multisample_blit_scaled GL_EXT_transform_feedback GL_AMD_shader_trinary_minmax GL_ARB_ES3_compatibility GL_ARB_clear_buffer_object GL_ARB_invalidate_subdata GL_ARB_texture_query_levels GL_ARB_texture_storage_multisample GL_ARB_vertex_attrib_binding GL_KHR_debug GL_ARB_texture_mirror_clamp_to_edge GL_ARB_vertex_type_10f_11f_11f_rev GL_EXT_shader_integer_mix 
14:58:28: Supported GLX extensions: GLX_ARB_create_context GLX_ARB_create_context_profile GLX_ARB_create_context_robustness GLX_ARB_fbconfig_float GLX_ARB_framebuffer_sRGB GLX_ARB_get_proc_address GLX_ARB_multisample GLX_EXT_import_context GLX_EXT_visual_info GLX_EXT_visual_rating GLX_EXT_framebuffer_sRGB GLX_EXT_create_context_es2_profile GLX_MESA_copy_sub_buffer GLX_MESA_multithread_makecurrent GLX_MESA_query_renderer GLX_MESA_swap_control GLX_OML_swap_method GLX_OML_sync_control GLX_SGI_make_current_read GLX_SGI_swap_control GLX_SGI_video_sync GLX_SGIS_multisample GLX_SGIX_fbconfig GLX_SGIX_pbuffer GLX_SGIX_visual_select_group GLX_EXT_texture_from_pixmap GLX_INTEL_swap_event 
14:58:28: ***************************
14:58:28: *** GL Renderer Started ***
14:58:28: ***************************
14:58:28: Registering ResourceManager for type GpuProgram
14:58:28: GLSL support detected
14:58:28: GL: Using GL_EXT_framebuffer_object for rendering to textures (best)
14:58:28: FBO PF_UNKNOWN depth/stencil support: D0S1 D0S4 D0S8 D0S16 D16S0 D16S1 D16S4 D16S8 D16S16 D24S0 D24S1 D24S4 D24S8 D24S16 D32S0 D32S1 D32S4 D32S8 D32S16 Packed-D24S8 
14:58:28: FBO PF_A8 depth/stencil support: D0S0 D0S1 D0S4 D0S8 D0S16 D16S0 D16S1 D16S4 D16S8 D16S16 D24S0 D24S1 D24S4 D24S8 D24S16 D32S0 D32S1 D32S4 D32S8 D32S16 Packed-D24S8 
14:58:28: FBO PF_R5G6B5 depth/stencil support: D0S0 D0S1 D0S4 D0S8 D0S16 D16S0 D16S1 D16S4 D16S8 D16S16 D24S0 D24S1 D24S4 D24S8 D24S16 D32S0 D32S1 D32S4 D32S8 D32S16 Packed-D24S8 
14:58:28: FBO PF_B5G6R5 depth/stencil support: D0S0 D0S1 D0S4 D0S8 D0S16 D16S0 D16S1 D16S4 D16S8 D16S16 D24S0 D24S1 D24S4 D24S8 D24S16 D32S0 D32S1 D32S4 D32S8 D32S16 Packed-D24S8 
14:58:28: FBO PF_A4R4G4B4 depth/stencil support: D0S0 D0S1 D0S4 D0S8 D0S16 D16S0 D16S1 D16S4 D16S8 D16S16 D24S0 D24S1 D24S4 D24S8 D24S16 D32S0 D32S1 D32S4 D32S8 D32S16 Packed-D24S8 
14:58:28: FBO PF_A1R5G5B5 depth/stencil support: D0S0 D0S1 D0S4 D0S8 D0S16 D16S0 D16S1 D16S4 D16S8 D16S16 D24S0 D24S1 D24S4 D24S8 D24S16 D32S0 D32S1 D32S4 D32S8 D32S16 Packed-D24S8 
14:58:28: FBO PF_R8G8B8 depth/stencil support: D0S0 D0S1 D0S4 D0S8 D0S16 D16S0 D16S1 D16S4 D16S8 D16S16 D24S0 D24S1 D24S4 D24S8 D24S16 D32S0 D32S1 D32S4 D32S8 D32S16 Packed-D24S8 
14:58:28: FBO PF_B8G8R8 depth/stencil support: D0S0 D0S1 D0S4 D0S8 D0S16 D16S0 D16S1 D16S4 D16S8 D16S16 D24S0 D24S1 D24S4 D24S8 D24S16 D32S0 D32S1 D32S4 D32S8 D32S16 Packed-D24S8 
14:58:28: FBO PF_A8R8G8B8 depth/stencil support: D0S0 D0S1 D0S4 D0S8 D0S16 D16S0 D16S1 D16S4 D16S8 D16S16 D24S0 D24S1 D24S4 D24S8 D24S16 D32S0 D32S1 D32S4 D32S8 D32S16 Packed-D24S8 
14:58:28: FBO PF_B8G8R8A8 depth/stencil support: D0S0 D0S1 D0S4 D0S8 D0S16 D16S0 D16S1 D16S4 D16S8 D16S16 D24S0 D24S1 D24S4 D24S8 D24S16 D32S0 D32S1 D32S4 D32S8 D32S16 Packed-D24S8 
14:58:28: FBO PF_A2R10G10B10 depth/stencil support: D0S0 D0S1 D0S4 D0S8 D0S16 D16S0 D16S1 D16S4 D16S8 D16S16 D24S0 D24S1 D24S4 D24S8 D24S16 D32S0 D32S1 D32S4 D32S8 D32S16 Packed-D24S8 
14:58:28: FBO PF_A2B10G10R10 depth/stencil support: D0S0 D0S1 D0S4 D0S8 D0S16 D16S0 D16S1 D16S4 D16S8 D16S16 D24S0 D24S1 D24S4 D24S8 D24S16 D32S0 D32S1 D32S4 D32S8 D32S16 Packed-D24S8 
14:58:28: FBO PF_FLOAT16_RGBA depth/stencil support: D0S0 D0S1 D0S4 D0S8 D0S16 D16S0 D16S1 D16S4 D16S8 D16S16 D24S0 D24S1 D24S4 D24S8 D24S16 D32S0 D32S1 D32S4 D32S8 D32S16 Packed-D24S8 
14:58:28: FBO PF_FLOAT32_RGBA depth/stencil support: D0S0 D0S1 D0S4 D0S8 D0S16 D16S0 D16S1 D16S4 D16S8 D16S16 D24S0 D24S1 D24S4 D24S8 D24S16 D32S0 D32S1 D32S4 D32S8 D32S16 Packed-D24S8 
14:58:28: FBO PF_X8R8G8B8 depth/stencil support: D0S0 D0S1 D0S4 D0S8 D0S16 D16S0 D16S1 D16S4 D16S8 D16S16 D24S0 D24S1 D24S4 D24S8 D24S16 D32S0 D32S1 D32S4 D32S8 D32S16 Packed-D24S8 
14:58:28: FBO PF_X8B8G8R8 depth/stencil support: D0S0 D0S1 D0S4 D0S8 D0S16 D16S0 D16S1 D16S4 D16S8 D16S16 D24S0 D24S1 D24S4 D24S8 D24S16 D32S0 D32S1 D32S4 D32S8 D32S16 Packed-D24S8 
14:58:28: FBO PF_SHORT_RGBA depth/stencil support: D0S0 D0S1 D0S4 D0S8 D0S16 D16S0 D16S1 D16S4 D16S8 D16S16 D24S0 D24S1 D24S4 D24S8 D24S16 D32S0 D32S1 D32S4 D32S8 D32S16 Packed-D24S8 
14:58:28: FBO PF_R3G3B2 depth/stencil support: D0S0 D0S1 D0S4 D0S8 D0S16 D16S0 D16S1 D16S4 D16S8 D16S16 D24S0 D24S1 D24S4 D24S8 D24S16 D32S0 D32S1 D32S4 D32S8 D32S16 Packed-D24S8 
14:58:28: FBO PF_FLOAT16_R depth/stencil support: D0S0 D0S1 D0S4 D0S8 D0S16 D16S0 D16S1 D16S4 D16S8 D16S16 D24S0 D24S1 D24S4 D24S8 D24S16 D32S0 D32S1 D32S4 D32S8 D32S16 Packed-D24S8 
14:58:28: FBO PF_FLOAT32_R depth/stencil support: D0S0 D0S1 D0S4 D0S8 D0S16 D16S0 D16S1 D16S4 D16S8 D16S16 D24S0 D24S1 D24S4 D24S8 D24S16 D32S0 D32S1 D32S4 D32S8 D32S16 Packed-D24S8 
14:58:28: [GL] : Valid FBO targets PF_UNKNOWN PF_A8 PF_R5G6B5 PF_B5G6R5 PF_A4R4G4B4 PF_A1R5G5B5 PF_R8G8B8 PF_B8G8R8 PF_A8R8G8B8 PF_B8G8R8A8 PF_A2R10G10B10 PF_A2B10G10R10 PF_FLOAT16_RGBA PF_FLOAT32_RGBA PF_X8R8G8B8 PF_X8B8G8R8 PF_SHORT_RGBA PF_R3G3B2 PF_FLOAT16_R PF_FLOAT32_R 
14:58:28: RenderSystem capabilities
14:58:28: -------------------------
14:58:28: RenderSystem Name: OpenGL Rendering Subsystem
14:58:28: GPU Vendor: intel
14:58:28: Device Name: Mesa DRI Intel(R) Haswell Mobile 
14:58:28: Driver Version: 3.0.0.0
14:58:28:  * Fixed function pipeline: yes
14:58:28:  * Hardware generation of mipmaps: no
14:58:28:  * Texture blending: yes
14:58:28:  * Anisotropic texture filtering: yes
14:58:28:  * Dot product texture operation: yes
14:58:28:  * Cube mapping: yes
14:58:28:  * Hardware stencil buffer: yes
14:58:28:    - Stencil depth: 8
14:58:28:    - Two sided stencil support: yes
14:58:28:    - Wrap stencil values: yes
14:58:28:  * Hardware vertex / index buffers: yes
14:58:28:  * 32-bit index buffers: yes
14:58:28:  * Vertex programs: yes
14:58:28:  * Number of floating-point constants for vertex programs: 4096
14:58:28:  * Number of integer constants for vertex programs: 0
14:58:28:  * Number of boolean constants for vertex programs: 0
14:58:28:  * Fragment programs: yes
14:58:28:  * Number of floating-point constants for fragment programs: 4096
14:58:28:  * Number of integer constants for fragment programs: 0
14:58:28:  * Number of boolean constants for fragment programs: 0
14:58:28:  * Geometry programs: no
14:58:28:  * Number of floating-point constants for geometry programs: 35602
14:58:28:  * Number of integer constants for geometry programs: 6699
14:58:28:  * Number of boolean constants for geometry programs: 39309
14:58:28:  * Tesselation Hull programs: no
14:58:28:  * Number of floating-point constants for tesselation hull programs: 29117
14:58:28:  * Number of integer constants for tesselation hull programs: 62251
14:58:28:  * Number of boolean constants for tesselation hull programs: 13622
14:58:28:  * Tesselation Domain programs: no
14:58:28:  * Number of floating-point constants for tesselation domain programs: 58753
14:58:28:  * Number of integer constants for tesselation domain programs: 30305
14:58:28:  * Number of boolean constants for tesselation domain programs: 60482
14:58:28:  * Compute programs: no
14:58:28:  * Number of floating-point constants for compute programs: 8702
14:58:28:  * Number of integer constants for compute programs: 4608
14:58:28:  * Number of boolean constants for compute programs: 17550
14:58:28:  * Supported Shader Profiles: arbfp1 arbvp1 glsl glsl100 glsl110 glsl120
14:58:28:  * Texture Compression: yes
14:58:28:    - DXT: no
14:58:28:    - VTC: no
14:58:28:    - PVRTC: no
14:58:28:    - ATC: no
14:58:28:    - ETC1: no
14:58:28:    - ETC2: no
14:58:28:    - BC4/BC5: no
14:58:28:    - BC6H/BC7: no
14:58:28:  * Scissor Rectangle: yes
14:58:28:  * Hardware Occlusion Query: yes
14:58:28:  * User clip planes: yes
14:58:28:  * VET_UBYTE4 vertex element type: yes
14:58:28:  * Infinite far plane projection: yes
14:58:28:  * Hardware render-to-texture: yes
14:58:28:  * Floating point textures: yes
14:58:28:  * Non-power-of-two textures: yes
14:58:28:  * 1d textures: yes
14:58:28:  * Volume textures: yes
14:58:28:  * Multiple Render Targets: 8
14:58:28:    - With different bit depths: yes
14:58:28:  * Point Sprites: yes
14:58:28:  * Extended point parameters: yes
14:58:28:  * Max Point Size: 255
14:58:28:  * Vertex texture fetch: yes
14:58:28:  * Number of world matrices: 0
14:58:28:  * Number of texture units: 16
14:58:28:  * Stencil buffer depth: 8
14:58:28:  * Number of vertex blend matrices: 0
14:58:28:    - Max vertex textures: 32
14:58:28:    - Vertex textures shared: yes
14:58:28:  * Render to Vertex Buffer : no
14:58:28:  * Hardware Atomic Counters: no
14:58:28:  * GL 1.5 without VBO workaround: no
14:58:28:  * Frame Buffer objects: yes
14:58:28:  * Frame Buffer objects (ARB extension): no
14:58:28:  * Frame Buffer objects (ATI extension): no
14:58:28:  * PBuffer support: yes
14:58:28:  * GL 1.5 without HW-occlusion workaround: no
14:58:28:  * Vertex Array Objects: no
14:58:28:  * Separate shader objects: no
14:58:28: DefaultWorkQueue('Root') initialising on thread 7fa9db86b840.
14:58:28: DefaultWorkQueue('Root')::WorkerFunc - thread 7fa9cc4d9700 starting.
14:58:28: DefaultWorkQueue('Root')::WorkerFunc - thread 7fa9cccda700 starting.
14:58:28: DefaultWorkQueue('Root')::WorkerFunc - thread 7fa9cbcd8700 starting.
14:58:28: DefaultWorkQueue('Root')::WorkerFunc - thread 7fa9cacd6700 starting.
14:58:28: DefaultWorkQueue('Root')::WorkerFunc - thread 7fa9cb4d7700 starting.
14:58:28: DefaultWorkQueue('Root')::WorkerFunc - thread 7fa9ca4d5700 starting.
14:58:28: DefaultWorkQueue('Root')::WorkerFunc - thread 7fa9c9cd4700 starting.
14:58:28: DefaultWorkQueue('Root')::WorkerFunc - thread 7fa9c94d3700 starting.
14:58:28: Particle Renderer Type 'billboard' registered
14:58:28: SceneManagerFactory for type 'BspSceneManager' registered.
14:58:28: Registering ResourceManager for type BspLevel
14:58:28: SceneManagerFactory for type 'PCZSceneManager' registered.
14:58:28: MovableObjectFactory for type 'PCZLight' registered.
14:58:28: MovableObjectFactory for type 'Portal' registered.
14:58:28: MovableObjectFactory for type 'AntiPortal' registered.
14:58:28: PCZone Factory Type 'ZoneType_Octree' registered
14:58:28: SceneManagerFactory for type 'OctreeSceneManager' registered.
14:58:28: OverlayElementFactory for type Panel registered.
14:58:28: OverlayElementFactory for type BorderPanel registered.
14:58:28: OverlayElementFactory for type TextArea registered.
14:58:28: Registering ResourceManager for type Font
14:58:28: Parsing scripts for resource group Autodetect
14:58:28: Finished parsing scripts for resource group Autodetect
14:58:28: Creating resources for group Autodetect
14:58:28: All done
14:58:28: Parsing scripts for resource group Essential
14:58:28: Parsing script SdkTrays.material
14:58:28: Parsing script SdkTrays.fontdef
14:58:28: Parsing script SdkTrays.overlay
14:58:28: Bad element attribute line: '# you can offset the image to change the cursor "hotspot"' for element SdkTrays/Cursor in overlay 
14:58:28: Texture: sdk_cursor.png: Loading 1 faces(PF_A8R8G8B8,32x32x1) with 5 generated mipmaps from Image. Internal format is PF_A8R8G8B8,32x32x1.
14:58:28: Texture: sdk_tray.png: Loading 1 faces(PF_A8R8G8B8,64x64x1) with 5 generated mipmaps from Image. Internal format is PF_A8R8G8B8,64x64x1.
14:58:28: Texture: sdk_button_up.png: Loading 1 faces(PF_A8R8G8B8,128x32x1) with 5 generated mipmaps from Image. Internal format is PF_A8R8G8B8,128x32x1.
14:58:28: Texture: sdk_text_box.png: Loading 1 faces(PF_A8R8G8B8,32x32x1) with 5 generated mipmaps from Image. Internal format is PF_A8R8G8B8,32x32x1.
14:58:28: Texture: sdk_mini_tray.png: Loading 1 faces(PF_A8R8G8B8,32x32x1) with 5 generated mipmaps from Image. Internal format is PF_A8R8G8B8,32x32x1.
14:58:28: Texture: sdk_track.png: Loading 1 faces(PF_A8R8G8B8,16x32x1) with 5 generated mipmaps from Image. Internal format is PF_A8R8G8B8,16x32x1.
14:58:28: Texture: sdk_handle.png: Loading 1 faces(PF_A8R8G8B8,16x16x1) with 4 generated mipmaps from Image. Internal format is PF_A8R8G8B8,16x16x1.
14:58:28: Texture: sdk_mini_text_box.png: Loading 1 faces(PF_A8R8G8B8,32x32x1) with 5 generated mipmaps from Image. Internal format is PF_A8R8G8B8,32x32x1.
14:58:28: Texture: sdk_label.png: Loading 1 faces(PF_A8R8G8B8,32x32x1) with 5 generated mipmaps from Image. Internal format is PF_A8R8G8B8,32x32x1.
14:58:28: Texture: sdk_separator.png: Loading 1 faces(PF_A8R8G8B8,64x16x1) with 5 generated mipmaps from Image. Internal format is PF_A8R8G8B8,64x16x1.
14:58:28: Texture: sdk_logo.png: Loading 1 faces(PF_A8R8G8B8,128x64x1) with 5 generated mipmaps from Image. Internal format is PF_A8R8G8B8,128x64x1.
14:58:28: Texture: sdk_shade.png: Loading 1 faces(PF_A8R8G8B8,64x48x1) with 5 generated mipmaps from Image. Internal format is PF_A8R8G8B8,64x48x1.
14:58:28: Texture: sdk_frame.png: Loading 1 faces(PF_A8R8G8B8,32x32x1) with 5 generated mipmaps from Image. Internal format is PF_A8R8G8B8,32x32x1.
14:58:28: Texture: sdk_mini_text_box_over.png: Loading 1 faces(PF_A8R8G8B8,32x32x1) with 5 generated mipmaps from Image. Internal format is PF_A8R8G8B8,32x32x1.
14:58:28: Texture: sdk_pulse.png: Loading 1 faces(PF_R8G8B8,8x1x1) with 3 generated mipmaps from Image. Internal format is PF_X8R8G8B8,8x1x1.
14:58:28: Finished parsing scripts for resource group Essential
14:58:28: Creating resources for group Essential
14:58:28: All done
14:58:28: Parsing scripts for resource group General
14:58:28: Parsing script Ogre.material
14:58:28: Finished parsing scripts for resource group General
14:58:28: Creating resources for group General
14:58:28: All done
14:58:28: Parsing scripts for resource group Internal
14:58:28: Finished parsing scripts for resource group Internal
14:58:28: Creating resources for group Internal
14:58:28: All done
14:58:28: *** Initializing OIS ***
14:58:28: Font SdkTrays/Caption using texture size 512x256
14:58:28: Info: Freetype returned null for character 160 in font SdkTrays/Caption
14:58:28: Texture: SdkTrays/CaptionTexture: Loading 1 faces(PF_BYTE_LA,512x256x1) with 0 generated mipmaps from Image. Internal format is PF_BYTE_LA,512x256x1.
14:58:28: Font SdkTrays/Value using texture size 512x256
14:58:28: Info: Freetype returned null for character 127 in font SdkTrays/Value
14:58:28: Info: Freetype returned null for character 128 in font SdkTrays/Value
14:58:28: Info: Freetype returned null for character 129 in font SdkTrays/Value
14:58:28: Info: Freetype returned null for character 130 in font SdkTrays/Value
14:58:28: Info: Freetype returned null for character 131 in font SdkTrays/Value
14:58:28: Info: Freetype returned null for character 132 in font SdkTrays/Value
14:58:28: Info: Freetype returned null for character 133 in font SdkTrays/Value
14:58:28: Info: Freetype returned null for character 134 in font SdkTrays/Value
14:58:28: Info: Freetype returned null for character 135 in font SdkTrays/Value
14:58:28: Info: Freetype returned null for character 136 in font SdkTrays/Value
14:58:28: Info: Freetype returned null for character 137 in font SdkTrays/Value
14:58:28: Info: Freetype returned null for character 138 in font SdkTrays/Value
14:58:28: Info: Freetype returned null for character 139 in font SdkTrays/Value
14:58:28: Info: Freetype returned null for character 140 in font SdkTrays/Value
14:58:28: Info: Freetype returned null for character 141 in font SdkTrays/Value
14:58:28: Info: Freetype returned null for character 142 in font SdkTrays/Value
14:58:28: Info: Freetype returned null for character 143 in font SdkTrays/Value
14:58:28: Info: Freetype returned null for character 144 in font SdkTrays/Value
14:58:28: Info: Freetype returned null for character 145 in font SdkTrays/Value
14:58:28: Info: Freetype returned null for character 146 in font SdkTrays/Value
14:58:28: Info: Freetype returned null for character 147 in font SdkTrays/Value
14:58:28: Info: Freetype returned null for character 148 in font SdkTrays/Value
14:58:28: Info: Freetype returned null for character 149 in font SdkTrays/Value
14:58:28: Info: Freetype returned null for character 150 in font SdkTrays/Value
14:58:28: Info: Freetype returned null for character 151 in font SdkTrays/Value
14:58:28: Info: Freetype returned null for character 152 in font SdkTrays/Value
14:58:28: Info: Freetype returned null for character 153 in font SdkTrays/Value
14:58:28: Info: Freetype returned null for character 154 in font SdkTrays/Value
14:58:28: Info: Freetype returned null for character 155 in font SdkTrays/Value
14:58:28: Info: Freetype returned null for character 156 in font SdkTrays/Value
14:58:28: Info: Freetype returned null for character 157 in font SdkTrays/Value
14:58:28: Info: Freetype returned null for character 158 in font SdkTrays/Value
14:58:28: Info: Freetype returned null for character 159 in font SdkTrays/Value
14:58:28: Info: Freetype returned null for character 160 in font SdkTrays/Value
14:58:28: Texture: SdkTrays/ValueTexture: Loading 1 faces(PF_BYTE_LA,512x256x1) with 0 generated mipmaps from Image. Internal format is PF_BYTE_LA,512x256x1.
14:58:29: DefaultWorkQueue('Root') shutting down on thread 7fa9db86b840.
14:58:29: DefaultWorkQueue('Root')::WorkerFunc - thread 7fa9cccda700 stopped.
14:58:29: DefaultWorkQueue('Root')::WorkerFunc - thread 7fa9cbcd8700 stopped.
14:58:29: DefaultWorkQueue('Root')::WorkerFunc - thread 7fa9cacd6700 stopped.
14:58:29: DefaultWorkQueue('Root')::WorkerFunc - thread 7fa9cb4d7700 stopped.
14:58:29: DefaultWorkQueue('Root')::WorkerFunc - thread 7fa9ca4d5700 stopped.
14:58:29: DefaultWorkQueue('Root')::WorkerFunc - thread 7fa9c9cd4700 stopped.
14:58:29: DefaultWorkQueue('Root')::WorkerFunc - thread 7fa9c94d3700 stopped.
14:58:29: DefaultWorkQueue('Root')::WorkerFunc - thread 7fa9cc4d9700 stopped.
14:58:29: PCZone Factory Type 'ZoneType_Octree' unregistered
14:58:29: Unregistering ResourceManager for type BspLevel
14:58:29: *-*-* OGRE Shutdown
14:58:29: Unregistering ResourceManager for type Compositor
14:58:29: Unregistering ResourceManager for type Skeleton
14:58:29: Unregistering ResourceManager for type Mesh
14:58:29: Unregistering ResourceManager for type HighLevelGpuProgram
14:58:29: Uninstalling plugin: Octree Scene Manager
14:58:29: Plugin successfully uninstalled
14:58:29: Unloading library /usr/local/lib/OGRE/Plugin_OctreeSceneManager
14:58:29: Uninstalling plugin: Octree Zone Factory
14:58:29: Plugin successfully uninstalled
14:58:29: Unloading library /usr/local/lib/OGRE/Plugin_OctreeZone
14:58:29: Uninstalling plugin: Portal Connected Zone Scene Manager
14:58:29: Plugin successfully uninstalled
14:58:29: Unloading library /usr/local/lib/OGRE/Plugin_PCZSceneManager
14:58:29: Uninstalling plugin: Cg Program Manager
14:58:29: Plugin successfully uninstalled
14:58:29: Unloading library /usr/local/lib/OGRE/Plugin_CgProgramManager
14:58:29: Uninstalling plugin: BSP Scene Manager
14:58:29: Plugin successfully uninstalled
14:58:29: Unloading library /usr/local/lib/OGRE/Plugin_BSPSceneManager
14:58:29: Uninstalling plugin: ParticleFX
14:58:29: Plugin successfully uninstalled
14:58:29: Unloading library /usr/local/lib/OGRE/Plugin_ParticleFX
14:58:29: Uninstalling plugin: GL RenderSystem
14:58:29: Unregistering ResourceManager for type GpuProgram
14:58:29: ******************************
*** Stopping GLX Subsystem ***
******************************
14:58:29: Unregistering ResourceManager for type Texture
14:58:29: Plugin successfully uninstalled
14:58:29: Unloading library /usr/local/lib/OGRE/RenderSystem_GL
14:58:29: Unregistering ResourceManager for type Material
