14:21:51 **** Build of project Minemonics ****
/usr/bin/make -j8 all 
/usr/bin/cmake -H/media/leviathan/SPACE/meta/Work.Repositories/git/minemonics/Minemonics/src -B/media/leviathan/SPACE/meta/Work.Repositories/git/minemonics/Minemonics/build --check-build-system CMakeFiles/Makefile.cmake 0
-- Could not determine Eclipse version, assuming at least 3.6 (Helios). Adjust CMAKE_ECLIPSE_VERSION if this is wrong.
-- Compiler version:4.8.2
-- Looking for OGRE...
-- Found Ogre Ghadamon (1.9.0)
-- Found OGRE: optimized;/usr/local/lib/libOgreMain.so;debug;/usr/local/lib/libOgreMain.so
-- Looking for OGRE_Paging...
-- Found OGRE_Paging: optimized;/usr/local/lib/libOgrePaging.so;debug;/usr/local/lib/libOgrePaging.so
-- Looking for OGRE_Terrain...
-- Found OGRE_Terrain: optimized;/usr/local/lib/libOgreTerrain.so;debug;/usr/local/lib/libOgreTerrain.so
-- Looking for OGRE_Property...
-- Found OGRE_Property: optimized;/usr/local/lib/libOgreProperty.so;debug;/usr/local/lib/libOgreProperty.so
-- Looking for OGRE_RTShaderSystem...
-- Found OGRE_RTShaderSystem: optimized;/usr/local/lib/libOgreRTShaderSystem.so;debug;/usr/local/lib/libOgreRTShaderSystem.so
-- Looking for OGRE_Volume...
-- Found OGRE_Volume: optimized;/usr/local/lib/libOgreVolume.so;debug;/usr/local/lib/libOgreVolume.so
-- Looking for OGRE_Overlay...
-- Found OGRE_Overlay: optimized;/usr/local/lib/libOgreOverlay.so;debug;/usr/local/lib/libOgreOverlay.so
-- Found OGRE_Terrain: optimized;/usr/local/lib/libOgreTerrain.so;debug;/usr/local/lib/libOgreTerrain.so
-- Found OGRE_Paging: optimized;/usr/local/lib/libOgrePaging.so;debug;/usr/local/lib/libOgrePaging.so
-- Found OGRE_Overlay: optimized;/usr/local/lib/libOgreOverlay.so;debug;/usr/local/lib/libOgreOverlay.so
-- Boost version: 1.54.0
-- Found the following Boost libraries:
--   log
-- Found Boost log: /usr/lib/x86_64-linux-gnu/libboost_log.so
-- Boost version: 1.54.0
-- Found the following Boost libraries:
--   thread
--   date_time
-- Boost version: 1.54.0
-- Found Boost: 
SDL2_LIBRARY_TEMP is /usr/lib/x86_64-linux-gnu/libSDL2main.a;/usr/lib/x86_64-linux-gnu/libSDL2main.a;/usr/lib/x86_64-linux-gnu/libSDL2main.a;/usr/lib/x86_64-linux-gnu/libSDL2main.a;/usr/lib/x86_64-linux-gnu/libSDL2main.a;/usr/lib/x86_64-linux-gnu/libSDL2main.a;/usr/lib/x86_64-linux-gnu/libSDL2.so;-lpthread;-lpthread;-lpthread;-lpthread;-lpthread;-lpthread
-- Looking for CEGUI...
-- Found CEGUI  (0.9999.0)
-- Found CEGUI: optimized;/usr/local/lib/libCEGUIBase-0.so;debug;/usr/local/lib/libCEGUIBase-0.so
-- Looking for CEGUI_CommonDialogs...
-- Found CEGUI_CommonDialogs: optimized;/usr/local/lib/libCEGUICommonDialogs-0.so;debug;/usr/local/lib/libCEGUICommonDialogs-0.so
-- Looking for CEGUI_CoreWindowRendererSet...
-- Found CEGUI_CoreWindowRendererSet: optimized;/usr/local/lib/cegui-0.9999/libCEGUICoreWindowRendererSet.so;debug;/usr/local/lib/cegui-0.9999/libCEGUICoreWindowRendererSet.so
-- Looking for CEGUI_Direct3D9Renderer...
-- Could not locate CEGUI_Direct3D9Renderer
-- Looking for CEGUI_Direct3D10Renderer...
-- Could not locate CEGUI_Direct3D10Renderer
-- Looking for CEGUI_Direct3D11Renderer...
-- Could not locate CEGUI_Direct3D11Renderer
-- Looking for CEGUI_DirectFBRenderer...
-- Could not locate CEGUI_DirectFBRenderer
-- Looking for CEGUI_IrrlichtRenderer...
-- Could not locate CEGUI_IrrlichtRenderer
-- Looking for CEGUI_NullRenderer...
-- Could not locate CEGUI_NullRenderer
-- Looking for CEGUI_OgreRenderer...
-- Found CEGUI_OgreRenderer: optimized;/usr/local/lib/libCEGUIOgreRenderer-0.so;debug;/usr/local/lib/libCEGUIOgreRenderer-0.so
-- Looking for CEGUI_OpenGLRenderer...
-- Could not locate CEGUI_OpenGLRenderer
-- Looking for CEGUI_OpenGL3Renderer...
-- Could not locate CEGUI_OpenGL3Renderer
-- Looking for CEGUI_OpenGLESRenderer...
-- Could not locate CEGUI_OpenGLESRenderer
-- Looking for CEGUI_CoronaImageCodec...
-- Could not locate CEGUI_CoronaImageCodec
-- Looking for CEGUI_DevILImageCodec...
-- Could not locate CEGUI_DevILImageCodec
-- Looking for CEGUI_FreeImageImageCodec...
-- Found CEGUI_FreeImageImageCodec: optimized;/usr/local/lib/cegui-0.9999/libCEGUIFreeImageImageCodec.so;debug;/usr/local/lib/cegui-0.9999/libCEGUIFreeImageImageCodec.so
-- Looking for CEGUI_SILLYImageCodec...
-- Could not locate CEGUI_SILLYImageCodec
-- Looking for CEGUI_STBImageCodec...
-- Could not locate CEGUI_STBImageCodec
-- Looking for CEGUI_TGAImageCodec...
-- Could not locate CEGUI_TGAImageCodec
-- Looking for CEGUI_PVRImageCodec...
-- Could not locate CEGUI_PVRImageCodec
-- Looking for CEGUI_ExpatParser...
-- Found CEGUI_ExpatParser: optimized;/usr/local/lib/cegui-0.9999/libCEGUIExpatParser.so;debug;/usr/local/lib/cegui-0.9999/libCEGUIExpatParser.so
-- Looking for CEGUI_LibXMLParser...
-- Found CEGUI_LibXMLParser: optimized;/usr/local/lib/cegui-0.9999/libCEGUILibXMLParser.so;debug;/usr/local/lib/cegui-0.9999/libCEGUILibXMLParser.so
-- Looking for CEGUI_RapidXMLParser...
-- Could not locate CEGUI_RapidXMLParser
-- Looking for CEGUI_TinyXMLParser...
-- Could not locate CEGUI_TinyXMLParser
-- Looking for CEGUI_XercesParser...
-- Could not locate CEGUI_XercesParser
-- Looking for CEGUI_LuaScriptModule...
-- Could not locate CEGUI_LuaScriptModule
-- Found FFmpeg: /usr/include  
-- 	libavcodec: /usr/include, /usr/lib/x86_64-linux-gnu/libavcodec.so
-- 	libavformat: /usr/include, /usr/lib/x86_64-linux-gnu/libavformat.so
-- 	libavformat: /usr/include, /usr/lib/x86_64-linux-gnu/libswscale.so
-- 	libavformat: /usr/include, /usr/lib/x86_64-linux-gnu/libavutil.so
-- Looking for Shark 2.* dependencies...
-- Boost version: 1.54.0
-- Found the following Boost libraries:
--   system
--   date_time
--   filesystem
--   program_options
--   serialization
--   thread
--   unit_test_framework
Trying to hints about where to locate Shark 2.* from pkg-config...
-- checking for module 'Shark2'
--   package 'Shark2' not found
-- Looking for Shark 2.*...
Shark2_LIBRARY is /usr/lib/libshark.so
-- Found Shark2 : /usr/lib/libshark.so;/usr/lib/x86_64-linux-gnu/libboost_system.so;/usr/lib/x86_64-linux-gnu/libboost_date_time.so;/usr/lib/x86_64-linux-gnu/libboost_filesystem.so;/usr/lib/x86_64-linux-gnu/libboost_program_options.so;/usr/lib/x86_64-linux-gnu/libboost_serialization.so;/usr/lib/x86_64-linux-gnu/libboost_thread.so;/usr/lib/x86_64-linux-gnu/libboost_unit_test_framework.so;/usr/lib/x86_64-linux-gnu/libpthread.so
-- Configuring done
-- Generating done
-- Build files have been written to: /media/leviathan/SPACE/meta/Work.Repositories/git/minemonics/Minemonics/build
/usr/bin/cmake -E cmake_progress_start /media/leviathan/SPACE/meta/Work.Repositories/git/minemonics/Minemonics/build/CMakeFiles /media/leviathan/SPACE/meta/Work.Repositories/git/minemonics/Minemonics/build/CMakeFiles/progress.marks
/usr/bin/make -f CMakeFiles/Makefile2 all
make[1]: Entering directory `/media/leviathan/SPACE/meta/Work.Repositories/git/minemonics/Minemonics/build'
/usr/bin/make -f CMakeFiles/OgreApp.dir/build.make CMakeFiles/OgreApp.dir/depend
/usr/bin/make -f CMakeFiles/runUnitTests.dir/build.make CMakeFiles/runUnitTests.dir/depend
make[2]: Entering directory `/media/leviathan/SPACE/meta/Work.Repositories/git/minemonics/Minemonics/build'
cd /media/leviathan/SPACE/meta/Work.Repositories/git/minemonics/Minemonics/build && /usr/bin/cmake -E cmake_depends "Unix Makefiles" /media/leviathan/SPACE/meta/Work.Repositories/git/minemonics/Minemonics/src /media/leviathan/SPACE/meta/Work.Repositories/git/minemonics/Minemonics/src /media/leviathan/SPACE/meta/Work.Repositories/git/minemonics/Minemonics/build /media/leviathan/SPACE/meta/Work.Repositories/git/minemonics/Minemonics/build /media/leviathan/SPACE/meta/Work.Repositories/git/minemonics/Minemonics/build/CMakeFiles/runUnitTests.dir/DependInfo.cmake --color=
make[2]: Leaving directory `/media/leviathan/SPACE/meta/Work.Repositories/git/minemonics/Minemonics/build'
/usr/bin/make -f CMakeFiles/runUnitTests.dir/build.make CMakeFiles/runUnitTests.dir/build
make[2]: Entering directory `/media/leviathan/SPACE/meta/Work.Repositories/git/minemonics/Minemonics/build'
cd /media/leviathan/SPACE/meta/Work.Repositories/git/minemonics/Minemonics/build && /usr/bin/cmake -E cmake_depends "Unix Makefiles" /media/leviathan/SPACE/meta/Work.Repositories/git/minemonics/Minemonics/src /media/leviathan/SPACE/meta/Work.Repositories/git/minemonics/Minemonics/src /media/leviathan/SPACE/meta/Work.Repositories/git/minemonics/Minemonics/build /media/leviathan/SPACE/meta/Work.Repositories/git/minemonics/Minemonics/build /media/leviathan/SPACE/meta/Work.Repositories/git/minemonics/Minemonics/build/CMakeFiles/OgreApp.dir/DependInfo.cmake --color=
make[2]: Entering directory `/media/leviathan/SPACE/meta/Work.Repositories/git/minemonics/Minemonics/build'
make[2]: Nothing to be done for `CMakeFiles/runUnitTests.dir/build'.
make[2]: Leaving directory `/media/leviathan/SPACE/meta/Work.Repositories/git/minemonics/Minemonics/build'
/usr/bin/cmake -E cmake_progress_report /media/leviathan/SPACE/meta/Work.Repositories/git/minemonics/Minemonics/build/CMakeFiles  71 72 73 74 75 76 77 78 79 80 81 82 83 84 85 86 87 88 89 90 91 92 93 94 95 96 97 98 99 100
[ 30%] Built target runUnitTests
make[2]: Leaving directory `/media/leviathan/SPACE/meta/Work.Repositories/git/minemonics/Minemonics/build'
/usr/bin/make -f CMakeFiles/OgreApp.dir/build.make CMakeFiles/OgreApp.dir/build
make[2]: Entering directory `/media/leviathan/SPACE/meta/Work.Repositories/git/minemonics/Minemonics/build'
make[2]: Nothing to be done for `CMakeFiles/OgreApp.dir/build'.
make[2]: Leaving directory `/media/leviathan/SPACE/meta/Work.Repositories/git/minemonics/Minemonics/build'
/usr/bin/cmake -E cmake_progress_report /media/leviathan/SPACE/meta/Work.Repositories/git/minemonics/Minemonics/build/CMakeFiles  1 2 3 4 5 6 7 8 9 10 11 12 13 14 15 16 17 18 19 20 21 22 23 24 25 26 27 28 29 30 31 32 33 34 35 36 37 38 39 40 41 42 43 44 45 46 47 48 49 50 51 52 53 54 55 56 57 58 59 60 61 62 63 64 65 66 67 68 69 70
[100%] Built target OgreApp
make[1]: Leaving directory `/media/leviathan/SPACE/meta/Work.Repositories/git/minemonics/Minemonics/build'
/usr/bin/cmake -E cmake_progress_start /media/leviathan/SPACE/meta/Work.Repositories/git/minemonics/Minemonics/build/CMakeFiles 0

14:21:52 Build Finished (took 1s.661ms)

