21:15:42: Creating resource group General
21:15:42: Creating resource group Internal
21:15:42: Creating resource group Autodetect
21:15:42: SceneManagerFactory for type 'DefaultSceneManager' registered.
21:15:42: Registering ResourceManager for type Material
21:15:42: Registering ResourceManager for type Mesh
21:15:42: Registering ResourceManager for type Skeleton
21:15:42: MovableObjectFactory for type 'ParticleSystem' registered.
21:15:42: ArchiveFactory for archive type FileSystem registered.
21:15:42: ArchiveFactory for archive type Zip registered.
21:15:42: ArchiveFactory for archive type EmbeddedZip registered.
21:15:42: DDS codec registering
21:15:42: FreeImage version: 3.15.4
21:15:42: This program uses FreeImage, a free, open source image library supporting all common bitmap formats. See http://freeimage.sourceforge.net for details
21:15:42: Supported formats: bmp,ico,jpg,jif,jpeg,jpe,jng,koa,iff,lbm,mng,pbm,pbm,pcd,pcx,pgm,pgm,png,ppm,ppm,ras,tga,targa,tif,tiff,wap,wbmp,wbm,psd,cut,xbm,xpm,gif,hdr,g3,sgi,exr,j2k,j2c,jp2,pfm,pct,pict,pic,3fr,arw,bay,bmq,cap,cine,cr2,crw,cs1,dc2,dcr,drf,dsc,dng,erf,fff,ia,iiq,k25,kc2,kdc,mdc,mef,mos,mrw,nef,nrw,orf,pef,ptx,pxn,qtk,raf,raw,rdc,rw2,rwl,rwz,sr2,srf,srw,sti
21:15:42: Registering ResourceManager for type HighLevelGpuProgram
21:15:42: Registering ResourceManager for type Compositor
21:15:42: MovableObjectFactory for type 'Entity' registered.
21:15:42: MovableObjectFactory for type 'Light' registered.
21:15:42: MovableObjectFactory for type 'BillboardSet' registered.
21:15:42: MovableObjectFactory for type 'ManualObject' registered.
21:15:42: MovableObjectFactory for type 'BillboardChain' registered.
21:15:42: MovableObjectFactory for type 'RibbonTrail' registered.
21:15:42: Loading library /usr/local/lib/OGRE/RenderSystem_GL
21:15:42: Installing plugin: GL RenderSystem
21:15:42: OpenGL Rendering Subsystem created.
21:15:42: Plugin successfully installed
21:15:42: Loading library /usr/local/lib/OGRE/Plugin_ParticleFX
21:15:42: Installing plugin: ParticleFX
21:15:42: Particle Emitter Type 'Point' registered
21:15:42: Particle Emitter Type 'Box' registered
21:15:42: Particle Emitter Type 'Ellipsoid' registered
21:15:42: Particle Emitter Type 'Cylinder' registered
21:15:42: Particle Emitter Type 'Ring' registered
21:15:42: Particle Emitter Type 'HollowEllipsoid' registered
21:15:42: Particle Affector Type 'LinearForce' registered
21:15:42: Particle Affector Type 'ColourFader' registered
21:15:42: Particle Affector Type 'ColourFader2' registered
21:15:42: Particle Affector Type 'ColourImage' registered
21:15:42: Particle Affector Type 'ColourInterpolator' registered
21:15:42: Particle Affector Type 'Scaler' registered
21:15:42: Particle Affector Type 'Rotator' registered
21:15:42: Particle Affector Type 'DirectionRandomiser' registered
21:15:42: Particle Affector Type 'DeflectorPlane' registered
21:15:42: Plugin successfully installed
21:15:42: Loading library /usr/local/lib/OGRE/Plugin_BSPSceneManager
21:15:43: Installing plugin: BSP Scene Manager
21:15:43: Plugin successfully installed
21:15:43: Loading library /usr/local/lib/OGRE/Plugin_CgProgramManager
21:15:43: Installing plugin: Cg Program Manager
21:15:43: Plugin successfully installed
21:15:43: Loading library /usr/local/lib/OGRE/Plugin_PCZSceneManager
21:15:43: Installing plugin: Portal Connected Zone Scene Manager
21:15:43: PCZone Factory Type 'ZoneType_Default' registered
21:15:43: Plugin successfully installed
21:15:43: Loading library /usr/local/lib/OGRE/Plugin_OctreeZone
21:15:43: Installing plugin: Octree Zone Factory
21:15:43: Plugin successfully installed
21:15:43: Loading library /usr/local/lib/OGRE/Plugin_OctreeSceneManager
21:15:43: Installing plugin: Octree Scene Manager
21:15:43: Plugin successfully installed
21:15:43: *-*-* OGRE Initialising
21:15:43: *-*-* Version 1.9.0 (Ghadamon)
21:15:43: Creating resource group Essential
21:15:43: Added resource location '../media/packs/SdkTrays.zip' of type 'Zip' to resource group 'Essential'
21:15:43: Added resource location '../media' of type 'FileSystem' to resource group 'General'
21:15:43: Added resource location '../media/materials/scripts' of type 'FileSystem' to resource group 'General'
21:15:43: Added resource location '../media/materials/textures' of type 'FileSystem' to resource group 'General'
21:15:43: Added resource location '../media/models' of type 'FileSystem' to resource group 'General'
21:15:44: CPU Identifier & Features
21:15:44: -------------------------
21:15:44:  *   CPU ID: GenuineIntel: Intel(R) Core(TM) i7-4810MQ CPU @ 2.80GHz
21:15:44:  *      SSE: yes
21:15:44:  *     SSE2: yes
21:15:44:  *     SSE3: yes
21:15:44:  *      MMX: yes
21:15:44:  *   MMXEXT: yes
21:15:44:  *    3DNOW: no
21:15:44:  * 3DNOWEXT: no
21:15:44:  *     CMOV: yes
21:15:44:  *      TSC: yes
21:15:44:  *      FPU: yes
21:15:44:  *      PRO: yes
21:15:44:  *       HT: no
21:15:44: -------------------------
21:15:44: ******************************
*** Starting GLX Subsystem ***
******************************
21:15:44: Registering ResourceManager for type Texture
21:15:44: GLRenderSystem::_createRenderWindow "TutorialApplication Render Window", 1920x1080 fullscreen  miscParams: FSAA=0 displayFrequency=60 Hz gamma=No vsync=No 
21:15:44: GLXWindow::create used FBConfigID = 143
21:15:44: GL_VERSION = 3.0 Mesa 10.1.3
21:15:44: GL_VENDOR = Intel Open Source Technology Center
21:15:44: GL_RENDERER = Mesa DRI Intel(R) Haswell Mobile 
21:15:44: GL_EXTENSIONS = GL_ARB_multisample GL_EXT_abgr GL_EXT_bgra GL_EXT_blend_color GL_EXT_blend_minmax GL_EXT_blend_subtract GL_EXT_copy_texture GL_EXT_polygon_offset GL_EXT_subtexture GL_EXT_texture_object GL_EXT_vertex_array GL_EXT_compiled_vertex_array GL_EXT_texture GL_EXT_texture3D GL_IBM_rasterpos_clip GL_ARB_point_parameters GL_EXT_draw_range_elements GL_EXT_packed_pixels GL_EXT_point_parameters GL_EXT_rescale_normal GL_EXT_separate_specular_color GL_EXT_texture_edge_clamp GL_SGIS_generate_mipmap GL_SGIS_texture_border_clamp GL_SGIS_texture_edge_clamp GL_SGIS_texture_lod GL_ARB_framebuffer_sRGB GL_ARB_multitexture GL_EXT_framebuffer_sRGB GL_IBM_multimode_draw_arrays GL_IBM_texture_mirrored_repeat GL_3DFX_texture_compression_FXT1 GL_ARB_texture_cube_map GL_ARB_texture_env_add GL_ARB_transpose_matrix GL_EXT_blend_func_separate GL_EXT_fog_coord GL_EXT_multi_draw_arrays GL_EXT_secondary_color GL_EXT_texture_env_add GL_EXT_texture_filter_anisotropic GL_EXT_texture_lod_bias GL_INGR_blend_func_separate GL_NV_blend_square GL_NV_light_max_exponent GL_NV_texgen_reflection GL_NV_texture_env_combine4 GL_S3_s3tc GL_SUN_multi_draw_arrays GL_ARB_texture_border_clamp GL_ARB_texture_compression GL_EXT_framebuffer_object GL_EXT_texture_env_combine GL_EXT_texture_env_dot3 GL_MESA_window_pos GL_NV_packed_depth_stencil GL_NV_texture_rectangle GL_ARB_depth_texture GL_ARB_occlusion_query GL_ARB_shadow GL_ARB_texture_env_combine GL_ARB_texture_env_crossbar GL_ARB_texture_env_dot3 GL_ARB_texture_mirrored_repeat GL_ARB_window_pos GL_ATI_envmap_bumpmap GL_EXT_stencil_two_side GL_EXT_texture_cube_map GL_NV_depth_clamp GL_APPLE_packed_pixels GL_APPLE_vertex_array_object GL_ARB_draw_buffers GL_ARB_fragment_program GL_ARB_fragment_shader GL_ARB_shader_objects GL_ARB_vertex_program GL_ARB_vertex_shader GL_ATI_draw_buffers GL_ATI_texture_env_combine3 GL_ATI_texture_float GL_EXT_shadow_funcs GL_EXT_stencil_wrap GL_MESA_pack_invert GL_NV_primitive_restart GL_ARB_depth_clamp GL_ARB_fragment_program_shadow GL_ARB_half_float_pixel GL_ARB_occlusion_query2 GL_ARB_point_sprite GL_ARB_shading_language_100 GL_ARB_sync GL_ARB_texture_non_power_of_two GL_ARB_vertex_buffer_object GL_ATI_blend_equation_separate GL_EXT_blend_equation_separate GL_OES_read_format GL_ARB_color_buffer_float GL_ARB_pixel_buffer_object GL_ARB_texture_compression_rgtc GL_ARB_texture_float GL_ARB_texture_rectangle GL_EXT_packed_float GL_EXT_pixel_buffer_object GL_EXT_texture_compression_dxt1 GL_EXT_texture_compression_rgtc GL_EXT_texture_rectangle GL_EXT_texture_sRGB GL_EXT_texture_shared_exponent GL_ARB_framebuffer_object GL_EXT_framebuffer_blit GL_EXT_framebuffer_multisample GL_EXT_packed_depth_stencil GL_APPLE_object_purgeable GL_ARB_vertex_array_object GL_ATI_separate_stencil GL_EXT_draw_buffers2 GL_EXT_draw_instanced GL_EXT_gpu_program_parameters GL_EXT_texture_array GL_EXT_texture_integer GL_EXT_texture_sRGB_decode GL_EXT_timer_query GL_OES_EGL_image GL_ARB_copy_buffer GL_ARB_depth_buffer_float GL_ARB_draw_instanced GL_ARB_half_float_vertex GL_ARB_instanced_arrays GL_ARB_map_buffer_range GL_ARB_texture_rg GL_ARB_texture_swizzle GL_ARB_vertex_array_bgra GL_EXT_separate_shader_objects GL_EXT_texture_swizzle GL_EXT_vertex_array_bgra GL_NV_conditional_render GL_AMD_conservative_depth GL_AMD_draw_buffers_blend GL_AMD_seamless_cubemap_per_texture GL_ARB_ES2_compatibility GL_ARB_blend_func_extended GL_ARB_debug_output GL_ARB_draw_buffers_blend GL_ARB_draw_elements_base_vertex GL_ARB_explicit_attrib_location GL_ARB_fragment_coord_conventions GL_ARB_provoking_vertex GL_ARB_sample_shading GL_ARB_sampler_objects GL_ARB_seamless_cube_map GL_ARB_shader_texture_lod GL_ARB_texture_cube_map_array GL_ARB_texture_gather GL_ARB_texture_multisample GL_ARB_texture_query_lod GL_ARB_texture_rgb10_a2ui GL_ARB_uniform_buffer_object GL_ARB_vertex_type_2_10_10_10_rev GL_EXT_provoking_vertex GL_EXT_texture_snorm GL_MESA_texture_signed_rgba GL_ARB_get_program_binary GL_ARB_robustness GL_ARB_shader_bit_encoding GL_ARB_timer_query GL_ANGLE_texture_compression_dxt3 GL_ANGLE_texture_compression_dxt5 GL_ARB_conservative_depth GL_ARB_internalformat_query GL_ARB_map_buffer_alignment GL_ARB_shader_atomic_counters GL_ARB_shading_language_420pack GL_ARB_shading_language_packing GL_ARB_texture_storage GL_EXT_framebuffer_multisample_blit_scaled GL_EXT_transform_feedback GL_AMD_shader_trinary_minmax GL_ARB_ES3_compatibility GL_ARB_clear_buffer_object GL_ARB_invalidate_subdata GL_ARB_texture_query_levels GL_ARB_texture_storage_multisample GL_ARB_vertex_attrib_binding GL_KHR_debug GL_ARB_texture_mirror_clamp_to_edge GL_ARB_vertex_type_10f_11f_11f_rev GL_EXT_shader_integer_mix 
21:15:44: Supported GLX extensions: GLX_ARB_create_context GLX_ARB_create_context_profile GLX_ARB_create_context_robustness GLX_ARB_fbconfig_float GLX_ARB_framebuffer_sRGB GLX_ARB_get_proc_address GLX_ARB_multisample GLX_EXT_import_context GLX_EXT_visual_info GLX_EXT_visual_rating GLX_EXT_framebuffer_sRGB GLX_EXT_create_context_es2_profile GLX_MESA_copy_sub_buffer GLX_MESA_multithread_makecurrent GLX_MESA_query_renderer GLX_MESA_swap_control GLX_OML_swap_method GLX_OML_sync_control GLX_SGI_make_current_read GLX_SGI_swap_control GLX_SGI_video_sync GLX_SGIS_multisample GLX_SGIX_fbconfig GLX_SGIX_pbuffer GLX_SGIX_visual_select_group GLX_EXT_texture_from_pixmap GLX_INTEL_swap_event 
21:15:44: ***************************
21:15:44: *** GL Renderer Started ***
21:15:44: ***************************
21:15:44: Registering ResourceManager for type GpuProgram
21:15:44: GLSL support detected
21:15:44: GL: Using GL_EXT_framebuffer_object for rendering to textures (best)
21:15:44: FBO PF_UNKNOWN depth/stencil support: D0S1 D0S4 D0S8 D0S16 D16S0 D16S1 D16S4 D16S8 D16S16 D24S0 D24S1 D24S4 D24S8 D24S16 D32S0 D32S1 D32S4 D32S8 D32S16 Packed-D24S8 
21:15:44: FBO PF_A8 depth/stencil support: D0S0 D0S1 D0S4 D0S8 D0S16 D16S0 D16S1 D16S4 D16S8 D16S16 D24S0 D24S1 D24S4 D24S8 D24S16 D32S0 D32S1 D32S4 D32S8 D32S16 Packed-D24S8 
21:15:44: FBO PF_R5G6B5 depth/stencil support: D0S0 D0S1 D0S4 D0S8 D0S16 D16S0 D16S1 D16S4 D16S8 D16S16 D24S0 D24S1 D24S4 D24S8 D24S16 D32S0 D32S1 D32S4 D32S8 D32S16 Packed-D24S8 
21:15:44: FBO PF_B5G6R5 depth/stencil support: D0S0 D0S1 D0S4 D0S8 D0S16 D16S0 D16S1 D16S4 D16S8 D16S16 D24S0 D24S1 D24S4 D24S8 D24S16 D32S0 D32S1 D32S4 D32S8 D32S16 Packed-D24S8 
21:15:44: FBO PF_A4R4G4B4 depth/stencil support: D0S0 D0S1 D0S4 D0S8 D0S16 D16S0 D16S1 D16S4 D16S8 D16S16 D24S0 D24S1 D24S4 D24S8 D24S16 D32S0 D32S1 D32S4 D32S8 D32S16 Packed-D24S8 
21:15:44: FBO PF_A1R5G5B5 depth/stencil support: D0S0 D0S1 D0S4 D0S8 D0S16 D16S0 D16S1 D16S4 D16S8 D16S16 D24S0 D24S1 D24S4 D24S8 D24S16 D32S0 D32S1 D32S4 D32S8 D32S16 Packed-D24S8 
21:15:44: FBO PF_R8G8B8 depth/stencil support: D0S0 D0S1 D0S4 D0S8 D0S16 D16S0 D16S1 D16S4 D16S8 D16S16 D24S0 D24S1 D24S4 D24S8 D24S16 D32S0 D32S1 D32S4 D32S8 D32S16 Packed-D24S8 
21:15:44: FBO PF_B8G8R8 depth/stencil support: D0S0 D0S1 D0S4 D0S8 D0S16 D16S0 D16S1 D16S4 D16S8 D16S16 D24S0 D24S1 D24S4 D24S8 D24S16 D32S0 D32S1 D32S4 D32S8 D32S16 Packed-D24S8 
21:15:44: FBO PF_A8R8G8B8 depth/stencil support: D0S0 D0S1 D0S4 D0S8 D0S16 D16S0 D16S1 D16S4 D16S8 D16S16 D24S0 D24S1 D24S4 D24S8 D24S16 D32S0 D32S1 D32S4 D32S8 D32S16 Packed-D24S8 
21:15:44: FBO PF_B8G8R8A8 depth/stencil support: D0S0 D0S1 D0S4 D0S8 D0S16 D16S0 D16S1 D16S4 D16S8 D16S16 D24S0 D24S1 D24S4 D24S8 D24S16 D32S0 D32S1 D32S4 D32S8 D32S16 Packed-D24S8 
21:15:44: FBO PF_A2R10G10B10 depth/stencil support: D0S0 D0S1 D0S4 D0S8 D0S16 D16S0 D16S1 D16S4 D16S8 D16S16 D24S0 D24S1 D24S4 D24S8 D24S16 D32S0 D32S1 D32S4 D32S8 D32S16 Packed-D24S8 
21:15:44: FBO PF_A2B10G10R10 depth/stencil support: D0S0 D0S1 D0S4 D0S8 D0S16 D16S0 D16S1 D16S4 D16S8 D16S16 D24S0 D24S1 D24S4 D24S8 D24S16 D32S0 D32S1 D32S4 D32S8 D32S16 Packed-D24S8 
21:15:44: FBO PF_FLOAT16_RGBA depth/stencil support: D0S0 D0S1 D0S4 D0S8 D0S16 D16S0 D16S1 D16S4 D16S8 D16S16 D24S0 D24S1 D24S4 D24S8 D24S16 D32S0 D32S1 D32S4 D32S8 D32S16 Packed-D24S8 
21:15:44: FBO PF_FLOAT32_RGBA depth/stencil support: D0S0 D0S1 D0S4 D0S8 D0S16 D16S0 D16S1 D16S4 D16S8 D16S16 D24S0 D24S1 D24S4 D24S8 D24S16 D32S0 D32S1 D32S4 D32S8 D32S16 Packed-D24S8 
21:15:44: FBO PF_X8R8G8B8 depth/stencil support: D0S0 D0S1 D0S4 D0S8 D0S16 D16S0 D16S1 D16S4 D16S8 D16S16 D24S0 D24S1 D24S4 D24S8 D24S16 D32S0 D32S1 D32S4 D32S8 D32S16 Packed-D24S8 
21:15:44: FBO PF_X8B8G8R8 depth/stencil support: D0S0 D0S1 D0S4 D0S8 D0S16 D16S0 D16S1 D16S4 D16S8 D16S16 D24S0 D24S1 D24S4 D24S8 D24S16 D32S0 D32S1 D32S4 D32S8 D32S16 Packed-D24S8 
21:15:44: FBO PF_SHORT_RGBA depth/stencil support: D0S0 D0S1 D0S4 D0S8 D0S16 D16S0 D16S1 D16S4 D16S8 D16S16 D24S0 D24S1 D24S4 D24S8 D24S16 D32S0 D32S1 D32S4 D32S8 D32S16 Packed-D24S8 
21:15:44: FBO PF_R3G3B2 depth/stencil support: D0S0 D0S1 D0S4 D0S8 D0S16 D16S0 D16S1 D16S4 D16S8 D16S16 D24S0 D24S1 D24S4 D24S8 D24S16 D32S0 D32S1 D32S4 D32S8 D32S16 Packed-D24S8 
21:15:44: FBO PF_FLOAT16_R depth/stencil support: D0S0 D0S1 D0S4 D0S8 D0S16 D16S0 D16S1 D16S4 D16S8 D16S16 D24S0 D24S1 D24S4 D24S8 D24S16 D32S0 D32S1 D32S4 D32S8 D32S16 Packed-D24S8 
21:15:44: FBO PF_FLOAT32_R depth/stencil support: D0S0 D0S1 D0S4 D0S8 D0S16 D16S0 D16S1 D16S4 D16S8 D16S16 D24S0 D24S1 D24S4 D24S8 D24S16 D32S0 D32S1 D32S4 D32S8 D32S16 Packed-D24S8 
21:15:44: [GL] : Valid FBO targets PF_UNKNOWN PF_A8 PF_R5G6B5 PF_B5G6R5 PF_A4R4G4B4 PF_A1R5G5B5 PF_R8G8B8 PF_B8G8R8 PF_A8R8G8B8 PF_B8G8R8A8 PF_A2R10G10B10 PF_A2B10G10R10 PF_FLOAT16_RGBA PF_FLOAT32_RGBA PF_X8R8G8B8 PF_X8B8G8R8 PF_SHORT_RGBA PF_R3G3B2 PF_FLOAT16_R PF_FLOAT32_R 
21:15:44: RenderSystem capabilities
21:15:44: -------------------------
21:15:44: RenderSystem Name: OpenGL Rendering Subsystem
21:15:44: GPU Vendor: intel
21:15:44: Device Name: Mesa DRI Intel(R) Haswell Mobile 
21:15:44: Driver Version: 3.0.0.0
21:15:44:  * Fixed function pipeline: yes
21:15:44:  * Hardware generation of mipmaps: no
21:15:44:  * Texture blending: yes
21:15:44:  * Anisotropic texture filtering: yes
21:15:44:  * Dot product texture operation: yes
21:15:44:  * Cube mapping: yes
21:15:44:  * Hardware stencil buffer: yes
21:15:44:    - Stencil depth: 8
21:15:44:    - Two sided stencil support: yes
21:15:44:    - Wrap stencil values: yes
21:15:44:  * Hardware vertex / index buffers: yes
21:15:44:  * 32-bit index buffers: yes
21:15:44:  * Vertex programs: yes
21:15:44:  * Number of floating-point constants for vertex programs: 4096
21:15:44:  * Number of integer constants for vertex programs: 0
21:15:44:  * Number of boolean constants for vertex programs: 0
21:15:44:  * Fragment programs: yes
21:15:44:  * Number of floating-point constants for fragment programs: 4096
21:15:44:  * Number of integer constants for fragment programs: 0
21:15:44:  * Number of boolean constants for fragment programs: 0
21:15:44:  * Geometry programs: no
21:15:44:  * Number of floating-point constants for geometry programs: 35602
21:15:44:  * Number of integer constants for geometry programs: 6699
21:15:44:  * Number of boolean constants for geometry programs: 39309
21:15:44:  * Tesselation Hull programs: no
21:15:44:  * Number of floating-point constants for tesselation hull programs: 29117
21:15:44:  * Number of integer constants for tesselation hull programs: 62251
21:15:44:  * Number of boolean constants for tesselation hull programs: 13622
21:15:44:  * Tesselation Domain programs: no
21:15:44:  * Number of floating-point constants for tesselation domain programs: 58753
21:15:44:  * Number of integer constants for tesselation domain programs: 30305
21:15:44:  * Number of boolean constants for tesselation domain programs: 60482
21:15:44:  * Compute programs: no
21:15:44:  * Number of floating-point constants for compute programs: 8702
21:15:44:  * Number of integer constants for compute programs: 4608
21:15:44:  * Number of boolean constants for compute programs: 17550
21:15:44:  * Supported Shader Profiles: arbfp1 arbvp1 glsl glsl100 glsl110 glsl120
21:15:44:  * Texture Compression: yes
21:15:44:    - DXT: no
21:15:44:    - VTC: no
21:15:44:    - PVRTC: no
21:15:44:    - ATC: no
21:15:44:    - ETC1: no
21:15:44:    - ETC2: no
21:15:44:    - BC4/BC5: no
21:15:44:    - BC6H/BC7: no
21:15:44:  * Scissor Rectangle: yes
21:15:44:  * Hardware Occlusion Query: yes
21:15:44:  * User clip planes: yes
21:15:44:  * VET_UBYTE4 vertex element type: yes
21:15:44:  * Infinite far plane projection: yes
21:15:44:  * Hardware render-to-texture: yes
21:15:44:  * Floating point textures: yes
21:15:44:  * Non-power-of-two textures: yes
21:15:44:  * 1d textures: yes
21:15:44:  * Volume textures: yes
21:15:44:  * Multiple Render Targets: 8
21:15:44:    - With different bit depths: yes
21:15:44:  * Point Sprites: yes
21:15:44:  * Extended point parameters: yes
21:15:44:  * Max Point Size: 255
21:15:44:  * Vertex texture fetch: yes
21:15:44:  * Number of world matrices: 0
21:15:44:  * Number of texture units: 16
21:15:44:  * Stencil buffer depth: 8
21:15:44:  * Number of vertex blend matrices: 0
21:15:44:    - Max vertex textures: 32
21:15:44:    - Vertex textures shared: yes
21:15:44:  * Render to Vertex Buffer : no
21:15:44:  * Hardware Atomic Counters: no
21:15:44:  * GL 1.5 without VBO workaround: no
21:15:44:  * Frame Buffer objects: yes
21:15:44:  * Frame Buffer objects (ARB extension): no
21:15:44:  * Frame Buffer objects (ATI extension): no
21:15:44:  * PBuffer support: yes
21:15:44:  * GL 1.5 without HW-occlusion workaround: no
21:15:44:  * Vertex Array Objects: no
21:15:44:  * Separate shader objects: no
21:15:44: DefaultWorkQueue('Root') initialising on thread 7ffff7fba840.
21:15:44: DefaultWorkQueue('Root')::WorkerFunc - thread 7fffe942d700 starting.
21:15:44: DefaultWorkQueue('Root')::WorkerFunc - thread 7fffe8c2c700 starting.
21:15:44: DefaultWorkQueue('Root')::WorkerFunc - thread 7fffe3fff700 starting.
21:15:44: DefaultWorkQueue('Root')::WorkerFunc - thread 7fffe37fe700 starting.
21:15:44: DefaultWorkQueue('Root')::WorkerFunc - thread 7fffe2ffd700 starting.
21:15:44: DefaultWorkQueue('Root')::WorkerFunc - thread 7fffe27fc700 starting.
21:15:44: DefaultWorkQueue('Root')::WorkerFunc - thread 7fffe1ffb700 starting.
21:15:44: DefaultWorkQueue('Root')::WorkerFunc - thread 7fffe17fa700 starting.
21:15:44: Particle Renderer Type 'billboard' registered
21:15:44: SceneManagerFactory for type 'BspSceneManager' registered.
21:15:44: Registering ResourceManager for type BspLevel
21:15:44: SceneManagerFactory for type 'PCZSceneManager' registered.
21:15:44: MovableObjectFactory for type 'PCZLight' registered.
21:15:44: MovableObjectFactory for type 'Portal' registered.
21:15:44: MovableObjectFactory for type 'AntiPortal' registered.
21:15:44: PCZone Factory Type 'ZoneType_Octree' registered
21:15:44: SceneManagerFactory for type 'OctreeSceneManager' registered.
21:15:44: OverlayElementFactory for type Panel registered.
21:15:44: OverlayElementFactory for type BorderPanel registered.
21:15:44: OverlayElementFactory for type TextArea registered.
21:15:44: Registering ResourceManager for type Font
21:15:44: Parsing scripts for resource group Autodetect
21:15:44: Finished parsing scripts for resource group Autodetect
21:15:44: Creating resources for group Autodetect
21:15:44: All done
21:15:44: Parsing scripts for resource group Essential
21:15:44: Parsing script SdkTrays.material
21:15:44: Parsing script SdkTrays.fontdef
21:15:44: Parsing script SdkTrays.overlay
21:15:44: Bad element attribute line: '# you can offset the image to change the cursor "hotspot"' for element SdkTrays/Cursor in overlay 
21:15:44: Texture: sdk_cursor.png: Loading 1 faces(PF_A8R8G8B8,32x32x1) with 5 generated mipmaps from Image. Internal format is PF_A8R8G8B8,32x32x1.
21:15:44: Texture: sdk_tray.png: Loading 1 faces(PF_A8R8G8B8,64x64x1) with 5 generated mipmaps from Image. Internal format is PF_A8R8G8B8,64x64x1.
21:15:44: Texture: sdk_button_up.png: Loading 1 faces(PF_A8R8G8B8,128x32x1) with 5 generated mipmaps from Image. Internal format is PF_A8R8G8B8,128x32x1.
21:15:44: Texture: sdk_text_box.png: Loading 1 faces(PF_A8R8G8B8,32x32x1) with 5 generated mipmaps from Image. Internal format is PF_A8R8G8B8,32x32x1.
21:15:44: Texture: sdk_mini_tray.png: Loading 1 faces(PF_A8R8G8B8,32x32x1) with 5 generated mipmaps from Image. Internal format is PF_A8R8G8B8,32x32x1.
21:15:44: Texture: sdk_track.png: Loading 1 faces(PF_A8R8G8B8,16x32x1) with 5 generated mipmaps from Image. Internal format is PF_A8R8G8B8,16x32x1.
21:15:44: Texture: sdk_handle.png: Loading 1 faces(PF_A8R8G8B8,16x16x1) with 4 generated mipmaps from Image. Internal format is PF_A8R8G8B8,16x16x1.
21:15:44: Texture: sdk_mini_text_box.png: Loading 1 faces(PF_A8R8G8B8,32x32x1) with 5 generated mipmaps from Image. Internal format is PF_A8R8G8B8,32x32x1.
21:15:44: Texture: sdk_label.png: Loading 1 faces(PF_A8R8G8B8,32x32x1) with 5 generated mipmaps from Image. Internal format is PF_A8R8G8B8,32x32x1.
21:15:44: Texture: sdk_separator.png: Loading 1 faces(PF_A8R8G8B8,64x16x1) with 5 generated mipmaps from Image. Internal format is PF_A8R8G8B8,64x16x1.
21:15:44: Texture: sdk_logo.png: Loading 1 faces(PF_A8R8G8B8,128x64x1) with 5 generated mipmaps from Image. Internal format is PF_A8R8G8B8,128x64x1.
21:15:44: Texture: sdk_shade.png: Loading 1 faces(PF_A8R8G8B8,64x48x1) with 5 generated mipmaps from Image. Internal format is PF_A8R8G8B8,64x48x1.
21:15:44: Texture: sdk_frame.png: Loading 1 faces(PF_A8R8G8B8,32x32x1) with 5 generated mipmaps from Image. Internal format is PF_A8R8G8B8,32x32x1.
21:15:44: Texture: sdk_mini_text_box_over.png: Loading 1 faces(PF_A8R8G8B8,32x32x1) with 5 generated mipmaps from Image. Internal format is PF_A8R8G8B8,32x32x1.
21:15:44: Texture: sdk_pulse.png: Loading 1 faces(PF_R8G8B8,8x1x1) with 3 generated mipmaps from Image. Internal format is PF_X8R8G8B8,8x1x1.
21:15:44: Finished parsing scripts for resource group Essential
21:15:44: Creating resources for group Essential
21:15:44: All done
21:15:44: Parsing scripts for resource group General
21:15:44: Parsing script Ogre.material
21:15:44: Finished parsing scripts for resource group General
21:15:44: Creating resources for group General
21:15:44: All done
21:15:44: Parsing scripts for resource group Internal
21:15:44: Finished parsing scripts for resource group Internal
21:15:44: Creating resources for group Internal
21:15:44: All done
21:15:44: *** Initializing OIS ***
21:15:44: Font SdkTrays/Caption using texture size 512x256
21:15:44: Info: Freetype returned null for character 160 in font SdkTrays/Caption
21:15:44: Texture: SdkTrays/CaptionTexture: Loading 1 faces(PF_BYTE_LA,512x256x1) with 0 generated mipmaps from Image. Internal format is PF_BYTE_LA,512x256x1.
21:15:44: Font SdkTrays/Value using texture size 512x256
21:15:44: Info: Freetype returned null for character 127 in font SdkTrays/Value
21:15:44: Info: Freetype returned null for character 128 in font SdkTrays/Value
21:15:44: Info: Freetype returned null for character 129 in font SdkTrays/Value
21:15:44: Info: Freetype returned null for character 130 in font SdkTrays/Value
21:15:44: Info: Freetype returned null for character 131 in font SdkTrays/Value
21:15:44: Info: Freetype returned null for character 132 in font SdkTrays/Value
21:15:44: Info: Freetype returned null for character 133 in font SdkTrays/Value
21:15:44: Info: Freetype returned null for character 134 in font SdkTrays/Value
21:15:44: Info: Freetype returned null for character 135 in font SdkTrays/Value
21:15:44: Info: Freetype returned null for character 136 in font SdkTrays/Value
21:15:44: Info: Freetype returned null for character 137 in font SdkTrays/Value
21:15:44: Info: Freetype returned null for character 138 in font SdkTrays/Value
21:15:44: Info: Freetype returned null for character 139 in font SdkTrays/Value
21:15:44: Info: Freetype returned null for character 140 in font SdkTrays/Value
21:15:44: Info: Freetype returned null for character 141 in font SdkTrays/Value
21:15:44: Info: Freetype returned null for character 142 in font SdkTrays/Value
21:15:44: Info: Freetype returned null for character 143 in font SdkTrays/Value
21:15:44: Info: Freetype returned null for character 144 in font SdkTrays/Value
21:15:44: Info: Freetype returned null for character 145 in font SdkTrays/Value
21:15:44: Info: Freetype returned null for character 146 in font SdkTrays/Value
21:15:44: Info: Freetype returned null for character 147 in font SdkTrays/Value
21:15:44: Info: Freetype returned null for character 148 in font SdkTrays/Value
21:15:44: Info: Freetype returned null for character 149 in font SdkTrays/Value
21:15:44: Info: Freetype returned null for character 150 in font SdkTrays/Value
21:15:44: Info: Freetype returned null for character 151 in font SdkTrays/Value
21:15:44: Info: Freetype returned null for character 152 in font SdkTrays/Value
21:15:44: Info: Freetype returned null for character 153 in font SdkTrays/Value
21:15:44: Info: Freetype returned null for character 154 in font SdkTrays/Value
21:15:44: Info: Freetype returned null for character 155 in font SdkTrays/Value
21:15:44: Info: Freetype returned null for character 156 in font SdkTrays/Value
21:15:44: Info: Freetype returned null for character 157 in font SdkTrays/Value
21:15:44: Info: Freetype returned null for character 158 in font SdkTrays/Value
21:15:44: Info: Freetype returned null for character 159 in font SdkTrays/Value
21:15:44: Info: Freetype returned null for character 160 in font SdkTrays/Value
21:15:44: Texture: SdkTrays/ValueTexture: Loading 1 faces(PF_BYTE_LA,512x256x1) with 0 generated mipmaps from Image. Internal format is PF_BYTE_LA,512x256x1.
21:15:46: DefaultWorkQueue('Root') shutting down on thread 7ffff7fba840.
21:15:46: DefaultWorkQueue('Root')::WorkerFunc - thread 7fffe1ffb700 stopped.
21:15:46: DefaultWorkQueue('Root')::WorkerFunc - thread 7fffe3fff700 stopped.
21:15:46: DefaultWorkQueue('Root')::WorkerFunc - thread 7fffe37fe700 stopped.
21:15:46: DefaultWorkQueue('Root')::WorkerFunc - thread 7fffe942d700 stopped.
21:15:46: DefaultWorkQueue('Root')::WorkerFunc - thread 7fffe27fc700 stopped.
21:15:46: DefaultWorkQueue('Root')::WorkerFunc - thread 7fffe8c2c700 stopped.
21:15:46: DefaultWorkQueue('Root')::WorkerFunc - thread 7fffe17fa700 stopped.
21:15:46: DefaultWorkQueue('Root')::WorkerFunc - thread 7fffe2ffd700 stopped.
21:15:46: PCZone Factory Type 'ZoneType_Octree' unregistered
21:15:46: Unregistering ResourceManager for type BspLevel
21:15:46: *-*-* OGRE Shutdown
21:15:46: Unregistering ResourceManager for type Compositor
21:15:46: Unregistering ResourceManager for type Skeleton
21:15:46: Unregistering ResourceManager for type Mesh
21:15:46: Unregistering ResourceManager for type HighLevelGpuProgram
21:15:46: Uninstalling plugin: Octree Scene Manager
21:15:46: Plugin successfully uninstalled
21:15:46: Unloading library /usr/local/lib/OGRE/Plugin_OctreeSceneManager
21:15:46: Uninstalling plugin: Octree Zone Factory
21:15:46: Plugin successfully uninstalled
21:15:46: Unloading library /usr/local/lib/OGRE/Plugin_OctreeZone
21:15:46: Uninstalling plugin: Portal Connected Zone Scene Manager
21:15:46: Plugin successfully uninstalled
21:15:46: Unloading library /usr/local/lib/OGRE/Plugin_PCZSceneManager
21:15:46: Uninstalling plugin: Cg Program Manager
21:15:46: Plugin successfully uninstalled
21:15:46: Unloading library /usr/local/lib/OGRE/Plugin_CgProgramManager
21:15:46: Uninstalling plugin: BSP Scene Manager
21:15:46: Plugin successfully uninstalled
21:15:46: Unloading library /usr/local/lib/OGRE/Plugin_BSPSceneManager
21:15:46: Uninstalling plugin: ParticleFX
21:15:46: Plugin successfully uninstalled
21:15:46: Unloading library /usr/local/lib/OGRE/Plugin_ParticleFX
21:15:46: Uninstalling plugin: GL RenderSystem
21:15:46: Unregistering ResourceManager for type GpuProgram
21:15:46: ******************************
*** Stopping GLX Subsystem ***
******************************
21:15:46: Unregistering ResourceManager for type Texture
21:15:46: Plugin successfully uninstalled
21:15:46: Unloading library /usr/local/lib/OGRE/RenderSystem_GL
21:15:46: Unregistering ResourceManager for type Material
